<?xml version="1.0" encoding="UTF-8"?>
<robot generator="Robot 6.1 (Python 3.11.5 on linux)" generated="20231114 20:46:07.382" rpa="false" schemaversion="4">
<suite id="s1" name="Tests" source="/opt/robotframework/tests">
<suite id="s1-s1" name="Amazon Testes" source="/opt/robotframework/tests/amazon_testes.robot">
<test id="s1-s1-t1" name="Caso de Teste 01 - Acesso ao menu &quot;Mais Vendidos&quot;" line="9">
<kw name="Abrir o navegador" library="amazon_resources" type="SETUP">
<kw name="Open Browser" library="SeleniumLibrary">
<arg>browser=chrome</arg>
<arg>options=add_experimental_option("detach", True)</arg>
<doc>Opens a new browser instance to the optional ``url``.</doc>
<msg timestamp="20231114 20:46:07.503" level="INFO">Opening browser 'chrome' to base url 'None'.</msg>
<status status="PASS" starttime="20231114 20:46:07.502" endtime="20231114 20:46:08.509"/>
</kw>
<kw name="Maximize Browser Window" library="SeleniumLibrary">
<doc>Maximizes current browser window.</doc>
<status status="PASS" starttime="20231114 20:46:08.509" endtime="20231114 20:46:08.617"/>
</kw>
<status status="PASS" starttime="20231114 20:46:07.502" endtime="20231114 20:46:08.617"/>
</kw>
<kw name="Acessar a home page do site Amazon.com.br" library="amazon_resources">
<kw name="Go To" library="SeleniumLibrary">
<arg>url=${URL}</arg>
<doc>Navigates the current browser window to the provided ``url``.</doc>
<msg timestamp="20231114 20:46:08.617" level="INFO">Opening url 'https://www.amazon.com.br/'</msg>
<status status="PASS" starttime="20231114 20:46:08.617" endtime="20231114 20:46:09.129"/>
</kw>
<status status="PASS" starttime="20231114 20:46:08.617" endtime="20231114 20:46:09.129"/>
</kw>
<kw name="Entrar no menu &quot;Mais vendidos&quot;" library="amazon_resources">
<kw name="Wait Until Element Is Visible" library="SeleniumLibrary">
<arg>locator=${MENU_MAIS_VENDIDOS}</arg>
<doc>Waits until the element ``locator`` is visible.</doc>
<status status="PASS" starttime="20231114 20:46:09.129" endtime="20231114 20:46:09.259"/>
</kw>
<kw name="Click Element" library="SeleniumLibrary">
<arg>locator=${MENU_MAIS_VENDIDOS}</arg>
<doc>Click the element identified by ``locator``.</doc>
<msg timestamp="20231114 20:46:09.259" level="INFO">Clicking element '//a[@href='/gp/bestsellers/?ref_=nav_cs_bestsellers']'.</msg>
<status status="PASS" starttime="20231114 20:46:09.259" endtime="20231114 20:46:10.572"/>
</kw>
<status status="PASS" starttime="20231114 20:46:09.129" endtime="20231114 20:46:10.572"/>
</kw>
<kw name="Verificar se o titulo da página &quot;Amazon.com.br Mais Vendidos: Os itens mais populares na Amazon&quot;" library="amazon_resources" sourcename="Verificar se o titulo da página &quot;${TITULO}&quot;">
<kw name="Wait Until Element Contains" library="SeleniumLibrary">
<arg>locator=${TITULO_MAIS_VENDIDOS}</arg>
<arg>text=${HEADER_MAIS_VENDIDOS}</arg>
<doc>Waits until the element ``locator`` contains ``text``.</doc>
<status status="PASS" starttime="20231114 20:46:10.573" endtime="20231114 20:46:10.606"/>
</kw>
<kw name="Title Should Be" library="SeleniumLibrary">
<arg>title=${TITULO}</arg>
<doc>Verifies that the current page title equals ``title``.</doc>
<msg timestamp="20231114 20:46:10.612" level="INFO">Page title is 'Amazon.com.br Mais Vendidos: Os itens mais populares na Amazon'.</msg>
<status status="PASS" starttime="20231114 20:46:10.607" endtime="20231114 20:46:10.613"/>
</kw>
<status status="PASS" starttime="20231114 20:46:10.572" endtime="20231114 20:46:10.613"/>
</kw>
<kw name="Verificar se aparece a categoria &quot;Automotivo&quot;" library="amazon_resources" sourcename="Verificar se aparece a categoria &quot;${NOME_CATEGORIA}&quot;">
<kw name="Element Should Be Visible" library="SeleniumLibrary">
<arg>locator=//a[@href='/gp/bestsellers/automotive/ref=zg_bs_nav_automotive_0'][contains(.,'${NOME_CATEGORIA}')]</arg>
<doc>Verifies that the element identified by ``locator`` is visible.</doc>
<msg timestamp="20231114 20:46:10.637" level="INFO">Element '//a[@href='/gp/bestsellers/automotive/ref=zg_bs_nav_automotive_0'][contains(.,'Automotivo')]' is displayed.</msg>
<status status="PASS" starttime="20231114 20:46:10.613" endtime="20231114 20:46:10.637"/>
</kw>
<status status="PASS" starttime="20231114 20:46:10.613" endtime="20231114 20:46:10.637"/>
</kw>
<kw name="Fechar o navegador" library="amazon_resources" type="TEARDOWN">
<kw name="Capture Page Screenshot" library="SeleniumLibrary">
<doc>Takes a screenshot of the current page and embeds it into a log file.</doc>
<msg timestamp="20231114 20:46:10.876" level="INFO" html="true">&lt;/td&gt;&lt;/tr&gt;&lt;tr&gt;&lt;td colspan="3"&gt;&lt;a href="selenium-screenshot-1.png"&gt;&lt;img src="selenium-screenshot-1.png" width="800px"&gt;&lt;/a&gt;</msg>
<status status="PASS" starttime="20231114 20:46:10.637" endtime="20231114 20:46:10.876"/>
</kw>
<kw name="Close Browser" library="SeleniumLibrary">
<doc>Closes the current browser.</doc>
<status status="PASS" starttime="20231114 20:46:10.876" endtime="20231114 20:46:10.955"/>
</kw>
<status status="PASS" starttime="20231114 20:46:10.637" endtime="20231114 20:46:10.955"/>
</kw>
<doc>Esse teste verifica o menu eletronicos do site da amazon
pode colocar muito mais texto aqui</doc>
<tag>menus</tag>
<status status="PASS" starttime="20231114 20:46:07.501" endtime="20231114 20:46:10.955"/>
</test>
<doc>Essa Suite testa o site da Amazon</doc>
<status status="PASS" starttime="20231114 20:46:07.396" endtime="20231114 20:46:10.956"/>
</suite>
<status status="PASS" starttime="20231114 20:46:07.383" endtime="20231114 20:46:10.957"/>
</suite>
<statistics>
<total>
<stat pass="1" fail="0" skip="0">All Tests</stat>
</total>
<tag>
<stat pass="1" fail="0" skip="0">menus</stat>
</tag>
<suite>
<stat pass="1" fail="0" skip="0" id="s1" name="Tests">Tests</stat>
<stat pass="1" fail="0" skip="0" id="s1-s1" name="Amazon Testes">Tests.Amazon Testes</stat>
</suite>
</statistics>
<errors>
</errors>
</robot>
